<?xml version="1.0" encoding="UTF-8"?>
<testsuite xmlns:xsi="http://www.w3.org/2001/XMLSchema-instance" xsi:noNamespaceSchemaLocation="https://maven.apache.org/surefire/maven-surefire-plugin/xsd/surefire-test-report.xsd" version="3.0.2" name="com.bhavyamistry.springboot.myfirstwebapp.MyfirstwebappApplicationTests" time="0.858" tests="1" errors="0" skipped="0" failures="0">
  <properties>
[...]
</properties>
  <testcase name="contextLoads" classname="com.bhavyamistry.springboot.myfirstwebapp.MyfirstwebappApplicationTests" time="0.312">
    <system-out><![CDATA[16:44:12.719 [main] INFO org.springframework.test.context.support.AnnotationConfigContextLoaderUtils -- Could not detect default configuration classes for test class [com.bhavyamistry.springboot.myfirstwebapp.MyfirstwebappApplicationTests]: MyfirstwebappApplicationTests does not declare any static, non-private, non-final, nested classes annotated with @Configuration.
16:44:12.756 [main] INFO org.springframework.boot.test.context.SpringBootTestContextBootstrapper -- Found @SpringBootConfiguration com.bhavyamistry.springboot.myfirstwebapp.MyfirstwebappApplication for test class com.bhavyamistry.springboot.myfirstwebapp.MyfirstwebappApplicationTests
16:44:12.802 [main] INFO org.springframework.boot.devtools.restart.RestartApplicationListener -- Restart disabled due to context in which it is running

  .   ____          _            __ _ _
 /\\ / ___'_ __ _ _(_)_ __  __ _ \ \ \ \
( ( )\___ | '_ | '_| | '_ \/ _` | \ \ \ \
 \\/  ___)| |_)| | | | | || (_| |  ) ) ) )
  '  |____| .__|_| |_|_| |_\__, | / / / /
 =========|_|==============|___/=/_/_/_/

 :: Spring Boot ::                (v3.5.7)

2025-11-22T16:44:12.897-05:00  INFO 31424 --- [myfirstwebapp] [           main] c.b.s.m.MyfirstwebappApplicationTests    : Starting MyfirstwebappApplicationTests using Java 21.0.8 with PID 31424 (started by bhavyamistry in /Users/bhavyamistry/Drive/Coding/Springboot/Todo-App/myfirstwebapp)
2025-11-22T16:44:12.898-05:00  INFO 31424 --- [myfirstwebapp] [           main] c.b.s.m.MyfirstwebappApplicationTests    : No active profile set, falling back to 1 default profile: "default"
2025-11-22T16:44:13.214-05:00  INFO 31424 --- [myfirstwebapp] [           main] c.b.s.m.MyfirstwebappApplicationTests    : Started MyfirstwebappApplicationTests in 0.415 seconds (process running for 0.693)
]]></system-out>
    <system-err><![CDATA[Mockito is currently self-attaching to enable the inline-mock-maker. This will no longer work in future releases of the JDK. Please add Mockito as an agent to your build as described in Mockito's documentation: https://javadoc.io/doc/org.mockito/mockito-core/latest/org.mockito/org/mockito/Mockito.html#0.3
WARNING: A Java agent has been loaded dynamically (/Users/bhavyamistry/.m2/repository/net/bytebuddy/byte-buddy-agent/1.17.8/byte-buddy-agent-1.17.8.jar)
WARNING: If a serviceability tool is in use, please run with -XX:+EnableDynamicAgentLoading to hide this warning
WARNING: If a serviceability tool is not in use, please run with -Djdk.instrument.traceUsage for more information
WARNING: Dynamic loading of agents will be disallowed by default in a future release
]]></system-err>
  </testcase>
</testsuite>